<?xml version="1.0" encoding="UTF-8"?>
<!-- Generated by org.testng.reporters.JUnitReportReporter -->
<testsuite hostname="vtekhtilov-nb" failures="0" tests="1" name="cucumberOptions.TestNGTestRunner" time="22.650" errors="0" timestamp="2023-03-28T10:36:51 CEST" skipped="0">
  <testcase classname="cucumberOptions.TestNGTestRunner" name="runScenario" time="22.650"/>
  <system-out/>
</testsuite> <!-- cucumberOptions.TestNGTestRunner -->
